<?xml version="1.0" encoding="UTF-8"?>
<!-- Generated by org.testng.reporters.JUnitReportReporter -->
<testsuite hostname="DESKTOP-B2JJIFU" failures="0" tests="1" name="AssgnmentSwaggerPetStore.Post" time="6.285" errors="0" timestamp="2022-09-06T17:44:07 IST" skipped="0">
  <testcase classname="AssgnmentSwaggerPetStore.Post" name="post" time="6.285"/>
  <system-out/>
</testsuite> <!-- AssgnmentSwaggerPetStore.Post -->
