<?xml version="1.0" encoding="UTF-8"?>
<!-- Generated by org.testng.reporters.JUnitReportReporter -->
<testsuite hostname="DESKTOP-B2JJIFU" failures="0" tests="1" name="Validation.TimeValidation" time="4.852" errors="0" timestamp="2022-09-05T15:51:11 IST" skipped="0">
  <testcase classname="Validation.TimeValidation" name="time" time="4.852"/>
  <system-out/>
</testsuite> <!-- Validation.TimeValidation -->
