<?xml version="1.0" encoding="UTF-8"?>
<!-- Generated by org.testng.reporters.JUnitReportReporter -->
<testsuite hostname="DESKTOP-B2JJIFU" failures="0" tests="1" name="Athentication.Auth2" time="5.727" errors="0" timestamp="2022-09-06T15:38:48 IST" skipped="0">
  <testcase classname="Athentication.Auth2" name="auth2" time="5.727"/>
  <system-out/>
</testsuite> <!-- Athentication.Auth2 -->
