<?xml version="1.0" encoding="UTF-8"?>
<!-- Generated by org.testng.reporters.JUnitReportReporter -->
<testsuite hostname="DESKTOP-B2JJIFU" failures="0" tests="1" name="CrudOperationWithBDD.ReadSingleProject" time="2.258" errors="0" timestamp="2022-09-02T16:14:27 IST" skipped="0">
  <testcase classname="CrudOperationWithBDD.ReadSingleProject" name="singleprojct" time="2.258"/>
  <system-out/>
</testsuite> <!-- CrudOperationWithBDD.ReadSingleProject -->
