<?xml version="1.0" encoding="UTF-8"?>
<!-- Generated by org.testng.reporters.JUnitReportReporter -->
<testsuite hostname="DESKTOP-B2JJIFU" failures="0" tests="1" name="Validation.StaticValidation" time="3.476" errors="0" timestamp="2022-09-05T12:58:04 IST" skipped="0">
  <testcase classname="Validation.StaticValidation" name="StaticResponseget" time="3.476"/>
  <system-out/>
</testsuite> <!-- Validation.StaticValidation -->
