<?xml version="1.0" encoding="UTF-8"?>
<!-- Generated by org.testng.reporters.JUnitReportReporter -->
<testsuite hostname="DESKTOP-B2JJIFU" failures="0" tests="1" name="Athentication.PremitiveAuth" time="2.225" errors="0" timestamp="2022-09-06T12:31:45 IST" skipped="0">
  <testcase classname="Athentication.PremitiveAuth" name="basicauth" time="2.225"/>
  <system-out/>
</testsuite> <!-- Athentication.PremitiveAuth -->
