<?xml version="1.0" encoding="UTF-8"?>
<!-- Generated by org.testng.reporters.JUnitReportReporter -->
<testsuite hostname="DESKTOP-B2JJIFU" failures="0" tests="1" name="Parameter.PathParameter" time="4.724" errors="0" timestamp="2022-09-05T16:18:07 IST" skipped="0">
  <testcase classname="Parameter.PathParameter" name="postandget" time="4.724"/>
  <system-out/>
</testsuite> <!-- Parameter.PathParameter -->
