<?xml version="1.0" encoding="UTF-8"?>
<!-- Generated by org.testng.reporters.JUnitReportReporter -->
<testsuite hostname="DESKTOP-B2JJIFU" failures="0" tests="1" name="Parameter.GetMethod" time="2.119" errors="0" timestamp="2022-09-06T12:00:26 IST" skipped="0">
  <testcase classname="Parameter.GetMethod" name="get" time="2.119"/>
  <system-out/>
</testsuite> <!-- Parameter.GetMethod -->
