<?xml version="1.0" encoding="UTF-8"?>
<!-- Generated by org.testng.reporters.JUnitReportReporter -->
<testsuite hostname="DESKTOP-B2JJIFU" failures="0" tests="1" name="Athentication.DigestiveAuth" time="2.314" errors="0" timestamp="2022-09-06T12:33:15 IST" skipped="0">
  <testcase classname="Athentication.DigestiveAuth" name="basicauth" time="2.314"/>
  <system-out/>
</testsuite> <!-- Athentication.DigestiveAuth -->
