<?xml version="1.0" encoding="UTF-8"?>
<!-- Generated by org.testng.reporters.JUnitReportReporter -->
<testsuite hostname="DESKTOP-B2JJIFU" failures="0" tests="1" name="crudoperationwithoutBDD.DeletProject" time="2.087" errors="0" timestamp="2022-09-01T17:40:49 IST" skipped="0">
  <testcase classname="crudoperationwithoutBDD.DeletProject" name="Delet" time="2.087"/>
  <system-out/>
</testsuite> <!-- crudoperationwithoutBDD.DeletProject -->
