<?xml version="1.0" encoding="UTF-8"?>
<!-- Generated by org.testng.reporters.JUnitReportReporter -->
<testsuite hostname="DESKTOP-B2JJIFU" failures="0" tests="1" name="CrudOperationWithBDD.DeleteProject" time="2.207" errors="0" timestamp="2022-09-02T16:04:35 IST" skipped="0">
  <testcase classname="CrudOperationWithBDD.DeleteProject" name="deletprojec" time="2.207"/>
  <system-out/>
</testsuite> <!-- CrudOperationWithBDD.DeleteProject -->
