<?xml version="1.0" encoding="UTF-8"?>
<!-- Generated by org.testng.reporters.JUnitReportReporter -->
<testsuite hostname="DESKTOP-B2JJIFU" failures="0" tests="1" name="RequestChaining.AddAndDelete" time="3.674" errors="0" timestamp="2022-09-05T16:50:11 IST" skipped="0">
  <testcase classname="RequestChaining.AddAndDelete" name="addanddelet" time="3.674"/>
  <system-out/>
</testsuite> <!-- RequestChaining.AddAndDelete -->
