<?xml version="1.0" encoding="UTF-8"?>
<!-- Generated by org.testng.reporters.JUnitReportReporter -->
<testsuite hostname="DESKTOP-B2JJIFU" failures="0" tests="1" name="Validation.DynamicValidation" time="3.310" errors="0" timestamp="2022-09-05T13:24:37 IST" skipped="0">
  <testcase classname="Validation.DynamicValidation" name="dynamicresponse" time="3.310"/>
  <system-out/>
</testsuite> <!-- Validation.DynamicValidation -->
