<?xml version="1.0" encoding="UTF-8"?>
<!-- Generated by org.testng.reporters.JUnitReportReporter -->
<testsuite hostname="DESKTOP-B2JJIFU" failures="0" tests="1" name="crudoperationwithoutBDD.UpdateProjects" time="2.478" errors="0" timestamp="2022-09-01T17:25:45 IST" skipped="0">
  <testcase classname="crudoperationwithoutBDD.UpdateProjects" name="update" time="2.478"/>
  <system-out/>
</testsuite> <!-- crudoperationwithoutBDD.UpdateProjects -->
