<?xml version="1.0" encoding="UTF-8"?>
<!-- Generated by org.testng.reporters.JUnitReportReporter -->
<testsuite hostname="DESKTOP-B2JJIFU" failures="0" tests="1" name="com.reqress.restassured.ReadDataByGet" time="3.011" errors="0" timestamp="2022-09-05T12:32:30 IST" skipped="0">
  <testcase classname="com.reqress.restassured.ReadDataByGet" name="read" time="3.011"/>
  <system-out/>
</testsuite> <!-- com.reqress.restassured.ReadDataByGet -->
