<?xml version="1.0" encoding="UTF-8"?>
<!-- Generated by org.testng.reporters.JUnitReportReporter -->
<testsuite hostname="DESKTOP-B2JJIFU" failures="0" tests="1" name="RequestChaining.AddandGet" time="4.788" errors="0" timestamp="2022-09-07T17:11:54 IST" skipped="0">
  <testcase classname="RequestChaining.AddandGet" name="postandget" time="4.788"/>
  <system-out/>
</testsuite> <!-- RequestChaining.AddandGet -->
