<?xml version="1.0" encoding="UTF-8"?>
<!-- Generated by org.testng.reporters.JUnitReportReporter -->
<testsuite hostname="DESKTOP-B2JJIFU" failures="0" tests="1" name="crudoperationwithoutBDD.FetchAllProjects" time="2.047" errors="0" timestamp="2022-09-01T17:17:55 IST" skipped="0">
  <testcase classname="crudoperationwithoutBDD.FetchAllProjects" name="Fetchall" time="2.047"/>
  <system-out/>
</testsuite> <!-- crudoperationwithoutBDD.FetchAllProjects -->
