<?xml version="1.0" encoding="UTF-8"?>
<!-- Generated by org.testng.reporters.JUnitReportReporter -->
<testsuite hostname="DESKTOP-B2JJIFU" failures="0" tests="1" name="UsingFrameWorkImpliment.ReadTheData" time="3.671" errors="0" timestamp="2022-09-07T17:06:41 IST" skipped="0">
  <testcase classname="UsingFrameWorkImpliment.ReadTheData" name="read" time="3.671"/>
  <system-out/>
</testsuite> <!-- UsingFrameWorkImpliment.ReadTheData -->
