<?xml version="1.0" encoding="UTF-8"?>
<!-- Generated by org.testng.reporters.JUnitReportReporter -->
<testsuite hostname="DESKTOP-B2JJIFU" failures="0" tests="1" name="Parameter.QueryParameter" time="3.616" errors="0" timestamp="2022-09-06T12:10:25 IST" skipped="0">
  <testcase classname="Parameter.QueryParameter" name="Query" time="3.616"/>
  <system-out/>
</testsuite> <!-- Parameter.QueryParameter -->
