<?xml version="1.0" encoding="UTF-8"?>
<!-- Generated by org.testng.reporters.JUnitReportReporter -->
<testsuite hostname="DESKTOP-B2JJIFU" failures="0" tests="1" name="Rmgyantra.ApiWithRmg" time="10.638" errors="0" timestamp="2022-09-07T17:33:31 IST" skipped="0">
  <testcase classname="Rmgyantra.ApiWithRmg" name="Rmgy" time="10.638"/>
  <system-out/>
</testsuite> <!-- Rmgyantra.ApiWithRmg -->
