<?xml version="1.0" encoding="UTF-8"?>
<!-- Generated by org.testng.reporters.JUnitReportReporter -->
<testsuite hostname="DESKTOP-B2JJIFU" failures="0" tests="3" name="DataDrivenTesting.AddProjectUsingDataProviderTest" time="3.036" errors="0" timestamp="2022-09-03T13:04:26 IST" skipped="0">
  <testcase classname="DataDrivenTesting.AddProjectUsingDataProviderTest" name="creatproject" time="2.878"/>
  <system-out/>
  <testcase classname="DataDrivenTesting.AddProjectUsingDataProviderTest" name="creatproject" time="0.120"/>
  <system-out/>
  <testcase classname="DataDrivenTesting.AddProjectUsingDataProviderTest" name="creatproject" time="0.038"/>
  <system-out/>
</testsuite> <!-- DataDrivenTesting.AddProjectUsingDataProviderTest -->
