<?xml version="1.0" encoding="UTF-8"?>
<!-- Generated by org.testng.reporters.JUnitReportReporter -->
<testsuite hostname="DESKTOP-B2JJIFU" failures="0" tests="1" name="com.reqress.restassured.UpdateUserWithReres" time="4.063" errors="0" timestamp="2022-09-05T11:36:34 IST" skipped="0">
  <testcase classname="com.reqress.restassured.UpdateUserWithReres" name="Adduser" time="4.063"/>
  <system-out/>
</testsuite> <!-- com.reqress.restassured.UpdateUserWithReres -->
