<?xml version="1.0" encoding="UTF-8"?>
<!-- Generated by org.testng.reporters.JUnitReportReporter -->
<testsuite hostname="DESKTOP-B2JJIFU" failures="0" tests="1" name="UsingFrameWorkImpliment.DeleteProject" time="2.723" errors="0" timestamp="2022-09-07T15:01:13 IST" skipped="0">
  <testcase classname="UsingFrameWorkImpliment.DeleteProject" name="delete" time="2.723"/>
  <system-out/>
</testsuite> <!-- UsingFrameWorkImpliment.DeleteProject -->
