<?xml version="1.0" encoding="UTF-8"?>
<!-- Generated by org.testng.reporters.JUnitReportReporter -->
<testsuite hostname="DESKTOP-B2JJIFU" failures="0" tests="1" name="com.reqress.restassured.ReadWithReqresSingleUser" time="3.611" errors="0" timestamp="2022-09-05T11:27:41 IST" skipped="0">
  <testcase classname="com.reqress.restassured.ReadWithReqresSingleUser" name="read" time="3.611"/>
  <system-out/>
</testsuite> <!-- com.reqress.restassured.ReadWithReqresSingleUser -->
