<?xml version="1.0" encoding="UTF-8"?>
<!-- Generated by org.testng.reporters.JUnitReportReporter -->
<testsuite hostname="DESKTOP-B2JJIFU" failures="0" tests="1" name="RequestChaining.GetAndDelete" time="3.608" errors="0" timestamp="2022-09-05T17:19:03 IST" skipped="0">
  <testcase classname="RequestChaining.GetAndDelete" name="getanddelet" time="3.608"/>
  <system-out/>
</testsuite> <!-- RequestChaining.GetAndDelete -->
