<?xml version="1.0" encoding="UTF-8"?>
<!-- Generated by org.testng.reporters.JUnitReportReporter -->
<testsuite hostname="DESKTOP-B2JJIFU" failures="0" tests="1" name="crudoperationwithoutBDD.FetchSingleProject" time="2.094" errors="0" timestamp="2022-09-01T17:43:24 IST" skipped="0">
  <testcase classname="crudoperationwithoutBDD.FetchSingleProject" name="SingleProject" time="2.094"/>
  <system-out/>
</testsuite> <!-- crudoperationwithoutBDD.FetchSingleProject -->
