<?xml version="1.0" encoding="UTF-8"?>
<!-- Generated by org.testng.reporters.JUnitReportReporter -->
<testsuite hostname="DESKTOP-B2JJIFU" failures="0" tests="1" name="Athentication.BarierToken" time="4.103" errors="0" timestamp="2022-09-06T12:52:27 IST" skipped="0">
  <testcase classname="Athentication.BarierToken" name="bariertoken" time="4.103"/>
  <system-out/>
</testsuite> <!-- Athentication.BarierToken -->
