<?xml version="1.0" encoding="UTF-8"?>
<!-- Generated by org.testng.reporters.JUnitReportReporter -->
<testsuite hostname="DESKTOP-B2JJIFU" failures="0" tests="1" name="CrudOperationWithBDD.UpdateProject" time="3.538" errors="0" timestamp="2022-09-02T15:45:50 IST" skipped="0">
  <testcase classname="CrudOperationWithBDD.UpdateProject" name="update" time="3.538"/>
  <system-out/>
</testsuite> <!-- CrudOperationWithBDD.UpdateProject -->
