<?xml version="1.0" encoding="UTF-8"?>
<!-- Generated by org.testng.reporters.JUnitReportReporter -->
<testsuite hostname="DESKTOP-B2JJIFU" failures="0" tests="1" name="Athentication.BasicAuth" time="2.438" errors="0" timestamp="2022-09-06T12:21:30 IST" skipped="0">
  <testcase classname="Athentication.BasicAuth" name="basicauth" time="2.438"/>
  <system-out/>
</testsuite> <!-- Athentication.BasicAuth -->
