<?xml version="1.0" encoding="UTF-8"?>
<!-- Generated by org.testng.reporters.JUnitReportReporter -->
<testsuite hostname="DESKTOP-B2JJIFU" failures="0" tests="1" name="SwaggerDifferentWayToPost.PostByPojoTest" time="2.614" errors="0" timestamp="2022-09-02T17:14:55 IST" skipped="0">
  <testcase classname="SwaggerDifferentWayToPost.PostByPojoTest" name="post" time="2.614"/>
  <system-out/>
</testsuite> <!-- SwaggerDifferentWayToPost.PostByPojoTest -->
