<?xml version="1.0" encoding="UTF-8"?>
<!-- Generated by org.testng.reporters.JUnitReportReporter -->
<testsuite hostname="DESKTOP-B2JJIFU" failures="0" tests="1" name="SwaggerDifferentWayToPost.PostByJsonObject" time="2.949" errors="0" timestamp="2022-09-02T17:24:26 IST" skipped="0">
  <testcase classname="SwaggerDifferentWayToPost.PostByJsonObject" name="jsonobject" time="2.949"/>
  <system-out/>
</testsuite> <!-- SwaggerDifferentWayToPost.PostByJsonObject -->
