<?xml version="1.0" encoding="UTF-8"?>
<!-- Generated by org.testng.reporters.JUnitReportReporter -->
<testsuite hostname="DESKTOP-B2JJIFU" failures="0" tests="1" name="UsingFrameWorkImpliment.CreatAnObject" time="3.503" errors="0" timestamp="2022-09-08T09:09:48 IST" skipped="0">
  <testcase classname="UsingFrameWorkImpliment.CreatAnObject" name="creatpro" time="3.503"/>
  <system-out/>
</testsuite> <!-- UsingFrameWorkImpliment.CreatAnObject -->
