<?xml version="1.0" encoding="UTF-8"?>
<!-- Generated by org.testng.reporters.JUnitReportReporter -->
<testsuite hostname="DESKTOP-B2JJIFU" failures="0" tests="1" name="UsingFrameWorkImpliment.UpdatetheProject" time="3.313" errors="0" timestamp="2022-09-07T14:53:39 IST" skipped="0">
  <testcase classname="UsingFrameWorkImpliment.UpdatetheProject" name="update" time="3.313"/>
  <system-out/>
</testsuite> <!-- UsingFrameWorkImpliment.UpdatetheProject -->
