<?xml version="1.0" encoding="UTF-8"?>
<!-- Generated by org.testng.reporters.JUnitReportReporter -->
<testsuite hostname="DESKTOP-B2JJIFU" failures="0" tests="1" name="DifferentWayToPost.PostByHashMap" time="3.745" errors="0" timestamp="2022-09-03T10:46:10 IST" skipped="0">
  <testcase classname="DifferentWayToPost.PostByHashMap" name="Hashmap" time="3.745"/>
  <system-out/>
</testsuite> <!-- DifferentWayToPost.PostByHashMap -->
