<?xml version="1.0" encoding="UTF-8"?>
<!-- Generated by org.testng.reporters.JUnitReportReporter -->
<testsuite hostname="DESKTOP-B2JJIFU" failures="0" tests="1" name="RequestChaining.AddAndUpdate" time="3.788" errors="0" timestamp="2022-09-05T17:40:58 IST" skipped="0">
  <testcase classname="RequestChaining.AddAndUpdate" name="addandupdate" time="3.788"/>
  <system-out/>
</testsuite> <!-- RequestChaining.AddAndUpdate -->
