<?xml version="1.0" encoding="UTF-8"?>
<!-- Generated by org.testng.reporters.JUnitReportReporter -->
<testsuite hostname="DESKTOP-B2JJIFU" failures="0" tests="1" name="CrudOperationWithBDD.ReadTheProjects" time="2.860" errors="0" timestamp="2022-09-02T15:20:37 IST" skipped="0">
  <testcase classname="CrudOperationWithBDD.ReadTheProjects" name="read" time="2.860"/>
  <system-out/>
</testsuite> <!-- CrudOperationWithBDD.ReadTheProjects -->
