<?xml version="1.0" encoding="UTF-8"?>
<!-- Generated by org.testng.reporters.JUnitReportReporter -->
<testsuite hostname="DESKTOP-B2JJIFU" failures="0" tests="1" name="DifferentWayToPost.PostByJsonFile" time="3.468" errors="0" timestamp="2022-09-03T10:56:52 IST" skipped="0">
  <testcase classname="DifferentWayToPost.PostByJsonFile" name="JsonFile" time="3.468"/>
  <system-out/>
</testsuite> <!-- DifferentWayToPost.PostByJsonFile -->
