<?xml version="1.0" encoding="UTF-8"?>
<!-- Generated by org.testng.reporters.JUnitReportReporter -->
<testsuite hostname="DESKTOP-B2JJIFU" failures="0" tests="1" name="RequestChaining.crudwithdatabase" time="5.300" errors="0" timestamp="2022-09-06T09:33:21 IST" skipped="0">
  <testcase classname="RequestChaining.crudwithdatabase" name="crud" time="5.300"/>
  <system-out/>
</testsuite> <!-- RequestChaining.crudwithdatabase -->
